debug: Tue, 15 Nov 2022 12:16:59 GMT
debug: Project: D:\GAMIXLABS\Solitaire
debug: Targets: editor,preview
debug: Incremental file seems great.
debug: Engine path: C:\CocosDashboard_1.2.1\resources\.editors\Creator\3.5.2\resources\resources\3d\engine
debug: Initializing target [Editor]
debug: Loading cache
debug: Loading cache costs 13.908899784088135ms.
debug: Engine features shipped in editor: base,gfx-webgl,gfx-webgl2,3d,animation,skeletal-animation,2d,ui,particle,particle-2d,physics-framework,physics-2d-framework,intersection-2d,primitive,profiler,audio,video,terrain,webview,tween,tiled-map,spine,dragon-bones,marionette
debug: Initializing target [Preview]
debug: Loading cache
debug: Loading cache costs 15.576600074768066ms.
debug: Sync engine features: 2d,3d,animation,audio,base,dragon-bones,gfx-webgl,gfx-webgl2,intersection-2d,marionette,particle,particle-2d,physics-2d-box2d,physics-ammo,primitive,profiler,skeletal-animation,spine,terrain,tiled-map,tween,ui,video,webview
debug: Pulling asset-db.
debug: Fetch asset-db cost: 42.381200313568115ms.
debug: Build iteration starts.
Number of accumulated asset changes: 8
Feature changed: false
debug: Target(editor) build started.
debug: Detected change: cce:/internal/x/cc. Last mtime: Thu Jan 01 1970 05:30:11 GMT+0530 (India Standard Time), Current mtime: Thu Jan 01 1970 05:30:21 GMT+0530 (India Standard Time)
debug: Inspect cce:/internal/x/cc
debug: Resolve cce:/internal/x/cc-fu/base from cce:/internal/x/cc as external dependency cce:/internal/x/cc-fu/base.
debug: Resolve cce:/internal/x/cc-fu/gfx-webgl from cce:/internal/x/cc as external dependency cce:/internal/x/cc-fu/gfx-webgl.
debug: Resolve cce:/internal/x/cc-fu/gfx-webgl2 from cce:/internal/x/cc as external dependency cce:/internal/x/cc-fu/gfx-webgl2.
debug: Resolve cce:/internal/x/cc-fu/3d from cce:/internal/x/cc as external dependency cce:/internal/x/cc-fu/3d.
debug: Resolve cce:/internal/x/cc-fu/animation from cce:/internal/x/cc as external dependency cce:/internal/x/cc-fu/animation.
debug: Resolve cce:/internal/x/cc-fu/skeletal-animation from cce:/internal/x/cc as external dependency cce:/internal/x/cc-fu/skeletal-animation.
debug: Resolve cce:/internal/x/cc-fu/2d from cce:/internal/x/cc as external dependency cce:/internal/x/cc-fu/2d.
debug: Resolve cce:/internal/x/cc-fu/ui from cce:/internal/x/cc as external dependency cce:/internal/x/cc-fu/ui.
debug: Resolve cce:/internal/x/cc-fu/particle from cce:/internal/x/cc as external dependency cce:/internal/x/cc-fu/particle.
debug: Resolve cce:/internal/x/cc-fu/particle-2d from cce:/internal/x/cc as external dependency cce:/internal/x/cc-fu/particle-2d.
debug: Resolve cce:/internal/x/cc-fu/physics-framework from cce:/internal/x/cc as external dependency cce:/internal/x/cc-fu/physics-framework.
debug: Resolve cce:/internal/x/cc-fu/physics-2d-framework from cce:/internal/x/cc as external dependency cce:/internal/x/cc-fu/physics-2d-framework.
debug: Resolve cce:/internal/x/cc-fu/intersection-2d from cce:/internal/x/cc as external dependency cce:/internal/x/cc-fu/intersection-2d.
debug: Resolve cce:/internal/x/cc-fu/primitive from cce:/internal/x/cc as external dependency cce:/internal/x/cc-fu/primitive.
debug: Resolve cce:/internal/x/cc-fu/profiler from cce:/internal/x/cc as external dependency cce:/internal/x/cc-fu/profiler.
debug: Resolve cce:/internal/x/cc-fu/audio from cce:/internal/x/cc as external dependency cce:/internal/x/cc-fu/audio.
debug: Resolve cce:/internal/x/cc-fu/video from cce:/internal/x/cc as external dependency cce:/internal/x/cc-fu/video.
debug: Resolve cce:/internal/x/cc-fu/terrain from cce:/internal/x/cc as external dependency cce:/internal/x/cc-fu/terrain.
debug: Resolve cce:/internal/x/cc-fu/webview from cce:/internal/x/cc as external dependency cce:/internal/x/cc-fu/webview.
debug: Resolve cce:/internal/x/cc-fu/tween from cce:/internal/x/cc as external dependency cce:/internal/x/cc-fu/tween.
debug: Resolve cce:/internal/x/cc-fu/tiled-map from cce:/internal/x/cc as external dependency cce:/internal/x/cc-fu/tiled-map.
debug: Resolve cce:/internal/x/cc-fu/spine from cce:/internal/x/cc as external dependency cce:/internal/x/cc-fu/spine.
debug: Resolve cce:/internal/x/cc-fu/dragon-bones from cce:/internal/x/cc as external dependency cce:/internal/x/cc-fu/dragon-bones.
debug: Detected change: cce:/internal/x/prerequisite-imports. Last mtime: Thu Jan 01 1970 12:50:09 GMT+0530 (India Standard Time), Current mtime: Thu Jan 01 1970 05:30:21 GMT+0530 (India Standard Time)
debug: Inspect cce:/internal/x/prerequisite-imports
debug: Resolve file:///D:/GAMIXLABS/Solitaire/assets/Script/Card.ts from cce:/internal/x/prerequisite-imports as file:///D:/GAMIXLABS/Solitaire/assets/Script/Card.ts.
debug: Resolve file:///D:/GAMIXLABS/Solitaire/assets/Script/GameConstant.ts from cce:/internal/x/prerequisite-imports as file:///D:/GAMIXLABS/Solitaire/assets/Script/GameConstant.ts.
debug: Resolve file:///D:/GAMIXLABS/Solitaire/assets/Script/GameLogic.ts from cce:/internal/x/prerequisite-imports as file:///D:/GAMIXLABS/Solitaire/assets/Script/GameLogic.ts.
debug: Resolve file:///D:/GAMIXLABS/Solitaire/assets/Script/GameManager.ts from cce:/internal/x/prerequisite-imports as file:///D:/GAMIXLABS/Solitaire/assets/Script/GameManager.ts.
debug: Resolve file:///D:/GAMIXLABS/Solitaire/assets/Script/GameScreen.ts from cce:/internal/x/prerequisite-imports as file:///D:/GAMIXLABS/Solitaire/assets/Script/GameScreen.ts.
debug: Detected change: cce:/internal/code-quality/cr.mjs. Last mtime: Tue Nov 15 2022 10:24:24 GMT+0530 (India Standard Time), Current mtime: Tue Nov 15 2022 17:46:37 GMT+0530 (India Standard Time)
debug: Inspect cce:/internal/code-quality/cr.mjs
debug: Resolve file:///D:/GAMIXLABS/Solitaire/assets/Script/Pile.ts from cce:/internal/x/prerequisite-imports as file:///D:/GAMIXLABS/Solitaire/assets/Script/Pile.ts.
debug: Resolve file:///D:/GAMIXLABS/Solitaire/assets/Script/PileMaxFanOperation.ts from cce:/internal/x/prerequisite-imports as file:///D:/GAMIXLABS/Solitaire/assets/Script/PileMaxFanOperation.ts.
debug: Resolve file:///D:/GAMIXLABS/Solitaire/assets/Script/ReaveldCard.ts from cce:/internal/x/prerequisite-imports as file:///D:/GAMIXLABS/Solitaire/assets/Script/ReaveldCard.ts.
debug: Target(editor) ends with cost 329.2438998222351ms.
debug: Target(preview) build started.
debug: Detected change: cce:/internal/x/cc. Last mtime: Thu Jan 01 1970 05:30:11 GMT+0530 (India Standard Time), Current mtime: Thu Jan 01 1970 05:30:21 GMT+0530 (India Standard Time)
debug: Inspect cce:/internal/x/cc
debug: Resolve cce:/internal/x/cc-fu/2d from cce:/internal/x/cc as external dependency cce:/internal/x/cc-fu/2d.
debug: Resolve cce:/internal/x/cc-fu/3d from cce:/internal/x/cc as external dependency cce:/internal/x/cc-fu/3d.
debug: Resolve cce:/internal/x/cc-fu/animation from cce:/internal/x/cc as external dependency cce:/internal/x/cc-fu/animation.
debug: Resolve cce:/internal/x/cc-fu/audio from cce:/internal/x/cc as external dependency cce:/internal/x/cc-fu/audio.
debug: Resolve cce:/internal/x/cc-fu/base from cce:/internal/x/cc as external dependency cce:/internal/x/cc-fu/base.
debug: Resolve cce:/internal/x/cc-fu/dragon-bones from cce:/internal/x/cc as external dependency cce:/internal/x/cc-fu/dragon-bones.
debug: Resolve cce:/internal/x/cc-fu/gfx-webgl from cce:/internal/x/cc as external dependency cce:/internal/x/cc-fu/gfx-webgl.
debug: Resolve cce:/internal/x/cc-fu/gfx-webgl2 from cce:/internal/x/cc as external dependency cce:/internal/x/cc-fu/gfx-webgl2.
debug: Resolve cce:/internal/x/cc-fu/intersection-2d from cce:/internal/x/cc as external dependency cce:/internal/x/cc-fu/intersection-2d.
debug: Resolve cce:/internal/x/cc-fu/particle from cce:/internal/x/cc as external dependency cce:/internal/x/cc-fu/particle.
debug: Resolve cce:/internal/x/cc-fu/particle-2d from cce:/internal/x/cc as external dependency cce:/internal/x/cc-fu/particle-2d.
debug: Resolve cce:/internal/x/cc-fu/physics-2d-box2d from cce:/internal/x/cc as external dependency cce:/internal/x/cc-fu/physics-2d-box2d.
debug: Resolve cce:/internal/x/cc-fu/physics-2d-framework from cce:/internal/x/cc as external dependency cce:/internal/x/cc-fu/physics-2d-framework.
debug: Resolve cce:/internal/x/cc-fu/physics-ammo from cce:/internal/x/cc as external dependency cce:/internal/x/cc-fu/physics-ammo.
debug: Resolve cce:/internal/x/cc-fu/physics-framework from cce:/internal/x/cc as external dependency cce:/internal/x/cc-fu/physics-framework.
debug: Resolve cce:/internal/x/cc-fu/wait-for-ammo-instantiation from cce:/internal/x/cc as external dependency cce:/internal/x/cc-fu/wait-for-ammo-instantiation.
debug: Resolve cce:/internal/x/cc-fu/primitive from cce:/internal/x/cc as external dependency cce:/internal/x/cc-fu/primitive.
debug: Resolve cce:/internal/x/cc-fu/profiler from cce:/internal/x/cc as external dependency cce:/internal/x/cc-fu/profiler.
debug: Resolve cce:/internal/x/cc-fu/skeletal-animation from cce:/internal/x/cc as external dependency cce:/internal/x/cc-fu/skeletal-animation.
debug: Resolve cce:/internal/x/cc-fu/spine from cce:/internal/x/cc as external dependency cce:/internal/x/cc-fu/spine.
debug: Resolve cce:/internal/x/cc-fu/terrain from cce:/internal/x/cc as external dependency cce:/internal/x/cc-fu/terrain.
debug: Resolve cce:/internal/x/cc-fu/tiled-map from cce:/internal/x/cc as external dependency cce:/internal/x/cc-fu/tiled-map.
debug: Resolve cce:/internal/x/cc-fu/tween from cce:/internal/x/cc as external dependency cce:/internal/x/cc-fu/tween.
debug: Resolve cce:/internal/x/cc-fu/ui from cce:/internal/x/cc as external dependency cce:/internal/x/cc-fu/ui.
debug: Resolve cce:/internal/x/cc-fu/video from cce:/internal/x/cc as external dependency cce:/internal/x/cc-fu/video.
debug: Resolve cce:/internal/x/cc-fu/webview from cce:/internal/x/cc as external dependency cce:/internal/x/cc-fu/webview.
debug: Detected change: cce:/internal/x/prerequisite-imports. Last mtime: Thu Jan 01 1970 12:50:10 GMT+0530 (India Standard Time), Current mtime: Thu Jan 01 1970 05:30:21 GMT+0530 (India Standard Time)
debug: Inspect cce:/internal/x/prerequisite-imports
debug: Resolve file:///D:/GAMIXLABS/Solitaire/assets/Script/Card.ts from cce:/internal/x/prerequisite-imports as file:///D:/GAMIXLABS/Solitaire/assets/Script/Card.ts.
debug: Resolve file:///D:/GAMIXLABS/Solitaire/assets/Script/GameConstant.ts from cce:/internal/x/prerequisite-imports as file:///D:/GAMIXLABS/Solitaire/assets/Script/GameConstant.ts.
debug: Resolve file:///D:/GAMIXLABS/Solitaire/assets/Script/GameLogic.ts from cce:/internal/x/prerequisite-imports as file:///D:/GAMIXLABS/Solitaire/assets/Script/GameLogic.ts.
debug: Resolve file:///D:/GAMIXLABS/Solitaire/assets/Script/GameManager.ts from cce:/internal/x/prerequisite-imports as file:///D:/GAMIXLABS/Solitaire/assets/Script/GameManager.ts.
debug: Resolve file:///D:/GAMIXLABS/Solitaire/assets/Script/GameScreen.ts from cce:/internal/x/prerequisite-imports as file:///D:/GAMIXLABS/Solitaire/assets/Script/GameScreen.ts.
debug: Detected change: cce:/internal/code-quality/cr.mjs. Last mtime: Tue Nov 15 2022 10:24:24 GMT+0530 (India Standard Time), Current mtime: Tue Nov 15 2022 17:46:37 GMT+0530 (India Standard Time)
debug: Inspect cce:/internal/code-quality/cr.mjs
debug: Resolve file:///D:/GAMIXLABS/Solitaire/assets/Script/Pile.ts from cce:/internal/x/prerequisite-imports as file:///D:/GAMIXLABS/Solitaire/assets/Script/Pile.ts.
debug: Resolve file:///D:/GAMIXLABS/Solitaire/assets/Script/PileMaxFanOperation.ts from cce:/internal/x/prerequisite-imports as file:///D:/GAMIXLABS/Solitaire/assets/Script/PileMaxFanOperation.ts.
debug: Resolve file:///D:/GAMIXLABS/Solitaire/assets/Script/ReaveldCard.ts from cce:/internal/x/prerequisite-imports as file:///D:/GAMIXLABS/Solitaire/assets/Script/ReaveldCard.ts.
debug: Target(preview) ends with cost 156.95009994506836ms.
debug: Dispatch build request for time accumulated 1 asset changes.
debug: Build iteration starts.
Number of accumulated asset changes: 1
Feature changed: false
debug: Target(editor) build started.
debug: Detected change: cce:/internal/x/prerequisite-imports. Last mtime: Thu Jan 01 1970 05:30:21 GMT+0530 (India Standard Time), Current mtime: Thu Jan 01 1970 05:31:39 GMT+0530 (India Standard Time)
debug: Inspect cce:/internal/x/prerequisite-imports
debug: Resolve file:///D:/GAMIXLABS/Solitaire/assets/Script/Card.ts from cce:/internal/x/prerequisite-imports as file:///D:/GAMIXLABS/Solitaire/assets/Script/Card.ts.
debug: Resolve file:///D:/GAMIXLABS/Solitaire/assets/Script/GameConstant.ts from cce:/internal/x/prerequisite-imports as file:///D:/GAMIXLABS/Solitaire/assets/Script/GameConstant.ts.
debug: Resolve file:///D:/GAMIXLABS/Solitaire/assets/Script/GameLogic.ts from cce:/internal/x/prerequisite-imports as file:///D:/GAMIXLABS/Solitaire/assets/Script/GameLogic.ts.
debug: Resolve file:///D:/GAMIXLABS/Solitaire/assets/Script/GameManager.ts from cce:/internal/x/prerequisite-imports as file:///D:/GAMIXLABS/Solitaire/assets/Script/GameManager.ts.
debug: Resolve file:///D:/GAMIXLABS/Solitaire/assets/Script/GameScreen.ts from cce:/internal/x/prerequisite-imports as file:///D:/GAMIXLABS/Solitaire/assets/Script/GameScreen.ts.
debug: Detected change: file:///D:/GAMIXLABS/Solitaire/assets/Script/GameScreen.ts. Last mtime: Tue Nov 15 2022 17:44:33 GMT+0530 (India Standard Time)@670162d8-df7a-4f8e-9305-edb91dc16ca5, Current mtime: Tue Nov 15 2022 17:48:15 GMT+0530 (India Standard Time)@670162d8-df7a-4f8e-9305-edb91dc16ca5
debug: Inspect file:///D:/GAMIXLABS/Solitaire/assets/Script/GameScreen.ts
debug: Resolve cce:/internal/code-quality/cr.mjs from file:///D:/GAMIXLABS/Solitaire/assets/Script/GameScreen.ts as cce:/internal/code-quality/cr.mjs.
debug: Resolve cc from file:///D:/GAMIXLABS/Solitaire/assets/Script/GameScreen.ts as cce:/internal/x/cc.
debug: Resolve cc from file:///D:/GAMIXLABS/Solitaire/assets/Script/GameScreen.ts as cce:/internal/x/cc.
debug: Resolve ./GameConstant from file:///D:/GAMIXLABS/Solitaire/assets/Script/GameScreen.ts as file:///D:/GAMIXLABS/Solitaire/assets/Script/GameConstant.ts.
debug: Resolve ./GameManager from file:///D:/GAMIXLABS/Solitaire/assets/Script/GameScreen.ts as file:///D:/GAMIXLABS/Solitaire/assets/Script/GameManager.ts.
debug: Resolve ./ReaveldCard from file:///D:/GAMIXLABS/Solitaire/assets/Script/GameScreen.ts as file:///D:/GAMIXLABS/Solitaire/assets/Script/ReaveldCard.ts.
debug: Resolve file:///D:/GAMIXLABS/Solitaire/assets/Script/Pile.ts from cce:/internal/x/prerequisite-imports as file:///D:/GAMIXLABS/Solitaire/assets/Script/Pile.ts.
debug: Resolve file:///D:/GAMIXLABS/Solitaire/assets/Script/PileMaxFanOperation.ts from cce:/internal/x/prerequisite-imports as file:///D:/GAMIXLABS/Solitaire/assets/Script/PileMaxFanOperation.ts.
debug: Resolve file:///D:/GAMIXLABS/Solitaire/assets/Script/ReaveldCard.ts from cce:/internal/x/prerequisite-imports as file:///D:/GAMIXLABS/Solitaire/assets/Script/ReaveldCard.ts.
debug: Target(editor) ends with cost 294.74609994888306ms.
debug: Target(preview) build started.
debug: Detected change: cce:/internal/x/prerequisite-imports. Last mtime: Thu Jan 01 1970 05:30:21 GMT+0530 (India Standard Time), Current mtime: Thu Jan 01 1970 05:31:39 GMT+0530 (India Standard Time)
debug: Inspect cce:/internal/x/prerequisite-imports
debug: Resolve file:///D:/GAMIXLABS/Solitaire/assets/Script/Card.ts from cce:/internal/x/prerequisite-imports as file:///D:/GAMIXLABS/Solitaire/assets/Script/Card.ts.
debug: Resolve file:///D:/GAMIXLABS/Solitaire/assets/Script/GameConstant.ts from cce:/internal/x/prerequisite-imports as file:///D:/GAMIXLABS/Solitaire/assets/Script/GameConstant.ts.
debug: Resolve file:///D:/GAMIXLABS/Solitaire/assets/Script/GameLogic.ts from cce:/internal/x/prerequisite-imports as file:///D:/GAMIXLABS/Solitaire/assets/Script/GameLogic.ts.
debug: Resolve file:///D:/GAMIXLABS/Solitaire/assets/Script/GameManager.ts from cce:/internal/x/prerequisite-imports as file:///D:/GAMIXLABS/Solitaire/assets/Script/GameManager.ts.
debug: Resolve file:///D:/GAMIXLABS/Solitaire/assets/Script/GameScreen.ts from cce:/internal/x/prerequisite-imports as file:///D:/GAMIXLABS/Solitaire/assets/Script/GameScreen.ts.
debug: Detected change: file:///D:/GAMIXLABS/Solitaire/assets/Script/GameScreen.ts. Last mtime: Tue Nov 15 2022 17:44:33 GMT+0530 (India Standard Time)@670162d8-df7a-4f8e-9305-edb91dc16ca5, Current mtime: Tue Nov 15 2022 17:48:15 GMT+0530 (India Standard Time)@670162d8-df7a-4f8e-9305-edb91dc16ca5
debug: Inspect file:///D:/GAMIXLABS/Solitaire/assets/Script/GameScreen.ts
debug: Resolve cce:/internal/code-quality/cr.mjs from file:///D:/GAMIXLABS/Solitaire/assets/Script/GameScreen.ts as cce:/internal/code-quality/cr.mjs.
debug: Resolve cc from file:///D:/GAMIXLABS/Solitaire/assets/Script/GameScreen.ts as cce:/internal/x/cc.
debug: Resolve cc from file:///D:/GAMIXLABS/Solitaire/assets/Script/GameScreen.ts as cce:/internal/x/cc.
debug: Resolve ./GameConstant from file:///D:/GAMIXLABS/Solitaire/assets/Script/GameScreen.ts as file:///D:/GAMIXLABS/Solitaire/assets/Script/GameConstant.ts.
debug: Resolve ./GameManager from file:///D:/GAMIXLABS/Solitaire/assets/Script/GameScreen.ts as file:///D:/GAMIXLABS/Solitaire/assets/Script/GameManager.ts.
debug: Resolve ./ReaveldCard from file:///D:/GAMIXLABS/Solitaire/assets/Script/GameScreen.ts as file:///D:/GAMIXLABS/Solitaire/assets/Script/ReaveldCard.ts.
debug: Resolve file:///D:/GAMIXLABS/Solitaire/assets/Script/Pile.ts from cce:/internal/x/prerequisite-imports as file:///D:/GAMIXLABS/Solitaire/assets/Script/Pile.ts.
debug: Resolve file:///D:/GAMIXLABS/Solitaire/assets/Script/PileMaxFanOperation.ts from cce:/internal/x/prerequisite-imports as file:///D:/GAMIXLABS/Solitaire/assets/Script/PileMaxFanOperation.ts.
debug: Resolve file:///D:/GAMIXLABS/Solitaire/assets/Script/ReaveldCard.ts from cce:/internal/x/prerequisite-imports as file:///D:/GAMIXLABS/Solitaire/assets/Script/ReaveldCard.ts.
debug: Target(preview) ends with cost 263.87659978866577ms.
debug: Dispatch build request for time accumulated 1 asset changes.
debug: Build iteration starts.
Number of accumulated asset changes: 1
Feature changed: false
debug: Target(editor) build started.
debug: Detected change: cce:/internal/x/prerequisite-imports. Last mtime: Thu Jan 01 1970 05:31:39 GMT+0530 (India Standard Time), Current mtime: Thu Jan 01 1970 05:50:09 GMT+0530 (India Standard Time)
debug: Inspect cce:/internal/x/prerequisite-imports
debug: Resolve file:///D:/GAMIXLABS/Solitaire/assets/Script/Card.ts from cce:/internal/x/prerequisite-imports as file:///D:/GAMIXLABS/Solitaire/assets/Script/Card.ts.
debug: Resolve file:///D:/GAMIXLABS/Solitaire/assets/Script/GameConstant.ts from cce:/internal/x/prerequisite-imports as file:///D:/GAMIXLABS/Solitaire/assets/Script/GameConstant.ts.
debug: Resolve file:///D:/GAMIXLABS/Solitaire/assets/Script/GameLogic.ts from cce:/internal/x/prerequisite-imports as file:///D:/GAMIXLABS/Solitaire/assets/Script/GameLogic.ts.
debug: Resolve file:///D:/GAMIXLABS/Solitaire/assets/Script/GameManager.ts from cce:/internal/x/prerequisite-imports as file:///D:/GAMIXLABS/Solitaire/assets/Script/GameManager.ts.
debug: Resolve file:///D:/GAMIXLABS/Solitaire/assets/Script/GameScreen.ts from cce:/internal/x/prerequisite-imports as file:///D:/GAMIXLABS/Solitaire/assets/Script/GameScreen.ts.
debug: Detected change: file:///D:/GAMIXLABS/Solitaire/assets/Script/GameScreen.ts. Last mtime: Tue Nov 15 2022 17:48:15 GMT+0530 (India Standard Time)@670162d8-df7a-4f8e-9305-edb91dc16ca5, Current mtime: Tue Nov 15 2022 18:06:29 GMT+0530 (India Standard Time)@670162d8-df7a-4f8e-9305-edb91dc16ca5
debug: Inspect file:///D:/GAMIXLABS/Solitaire/assets/Script/GameScreen.ts
debug: Resolve cce:/internal/code-quality/cr.mjs from file:///D:/GAMIXLABS/Solitaire/assets/Script/GameScreen.ts as cce:/internal/code-quality/cr.mjs.
debug: Resolve cc from file:///D:/GAMIXLABS/Solitaire/assets/Script/GameScreen.ts as cce:/internal/x/cc.
debug: Resolve cc from file:///D:/GAMIXLABS/Solitaire/assets/Script/GameScreen.ts as cce:/internal/x/cc.
debug: Resolve ./GameConstant from file:///D:/GAMIXLABS/Solitaire/assets/Script/GameScreen.ts as file:///D:/GAMIXLABS/Solitaire/assets/Script/GameConstant.ts.
debug: Resolve ./GameManager from file:///D:/GAMIXLABS/Solitaire/assets/Script/GameScreen.ts as file:///D:/GAMIXLABS/Solitaire/assets/Script/GameManager.ts.
debug: Resolve ./ReaveldCard from file:///D:/GAMIXLABS/Solitaire/assets/Script/GameScreen.ts as file:///D:/GAMIXLABS/Solitaire/assets/Script/ReaveldCard.ts.
debug: Resolve file:///D:/GAMIXLABS/Solitaire/assets/Script/Pile.ts from cce:/internal/x/prerequisite-imports as file:///D:/GAMIXLABS/Solitaire/assets/Script/Pile.ts.
debug: Resolve file:///D:/GAMIXLABS/Solitaire/assets/Script/PileMaxFanOperation.ts from cce:/internal/x/prerequisite-imports as file:///D:/GAMIXLABS/Solitaire/assets/Script/PileMaxFanOperation.ts.
debug: Resolve file:///D:/GAMIXLABS/Solitaire/assets/Script/ReaveldCard.ts from cce:/internal/x/prerequisite-imports as file:///D:/GAMIXLABS/Solitaire/assets/Script/ReaveldCard.ts.
debug: Target(editor) ends with cost 340.4085998535156ms.
debug: Target(preview) build started.
debug: Detected change: cce:/internal/x/prerequisite-imports. Last mtime: Thu Jan 01 1970 05:31:39 GMT+0530 (India Standard Time), Current mtime: Thu Jan 01 1970 05:50:09 GMT+0530 (India Standard Time)
debug: Inspect cce:/internal/x/prerequisite-imports
debug: Resolve file:///D:/GAMIXLABS/Solitaire/assets/Script/Card.ts from cce:/internal/x/prerequisite-imports as file:///D:/GAMIXLABS/Solitaire/assets/Script/Card.ts.
debug: Resolve file:///D:/GAMIXLABS/Solitaire/assets/Script/GameConstant.ts from cce:/internal/x/prerequisite-imports as file:///D:/GAMIXLABS/Solitaire/assets/Script/GameConstant.ts.
debug: Resolve file:///D:/GAMIXLABS/Solitaire/assets/Script/GameLogic.ts from cce:/internal/x/prerequisite-imports as file:///D:/GAMIXLABS/Solitaire/assets/Script/GameLogic.ts.
debug: Resolve file:///D:/GAMIXLABS/Solitaire/assets/Script/GameManager.ts from cce:/internal/x/prerequisite-imports as file:///D:/GAMIXLABS/Solitaire/assets/Script/GameManager.ts.
debug: Resolve file:///D:/GAMIXLABS/Solitaire/assets/Script/GameScreen.ts from cce:/internal/x/prerequisite-imports as file:///D:/GAMIXLABS/Solitaire/assets/Script/GameScreen.ts.
debug: Detected change: file:///D:/GAMIXLABS/Solitaire/assets/Script/GameScreen.ts. Last mtime: Tue Nov 15 2022 17:48:15 GMT+0530 (India Standard Time)@670162d8-df7a-4f8e-9305-edb91dc16ca5, Current mtime: Tue Nov 15 2022 18:06:29 GMT+0530 (India Standard Time)@670162d8-df7a-4f8e-9305-edb91dc16ca5
debug: Inspect file:///D:/GAMIXLABS/Solitaire/assets/Script/GameScreen.ts
debug: Resolve cce:/internal/code-quality/cr.mjs from file:///D:/GAMIXLABS/Solitaire/assets/Script/GameScreen.ts as cce:/internal/code-quality/cr.mjs.
debug: Resolve cc from file:///D:/GAMIXLABS/Solitaire/assets/Script/GameScreen.ts as cce:/internal/x/cc.
debug: Resolve cc from file:///D:/GAMIXLABS/Solitaire/assets/Script/GameScreen.ts as cce:/internal/x/cc.
debug: Resolve ./GameConstant from file:///D:/GAMIXLABS/Solitaire/assets/Script/GameScreen.ts as file:///D:/GAMIXLABS/Solitaire/assets/Script/GameConstant.ts.
debug: Resolve ./GameManager from file:///D:/GAMIXLABS/Solitaire/assets/Script/GameScreen.ts as file:///D:/GAMIXLABS/Solitaire/assets/Script/GameManager.ts.
debug: Resolve ./ReaveldCard from file:///D:/GAMIXLABS/Solitaire/assets/Script/GameScreen.ts as file:///D:/GAMIXLABS/Solitaire/assets/Script/ReaveldCard.ts.
debug: Resolve file:///D:/GAMIXLABS/Solitaire/assets/Script/Pile.ts from cce:/internal/x/prerequisite-imports as file:///D:/GAMIXLABS/Solitaire/assets/Script/Pile.ts.
debug: Resolve file:///D:/GAMIXLABS/Solitaire/assets/Script/PileMaxFanOperation.ts from cce:/internal/x/prerequisite-imports as file:///D:/GAMIXLABS/Solitaire/assets/Script/PileMaxFanOperation.ts.
debug: Resolve file:///D:/GAMIXLABS/Solitaire/assets/Script/ReaveldCard.ts from cce:/internal/x/prerequisite-imports as file:///D:/GAMIXLABS/Solitaire/assets/Script/ReaveldCard.ts.
debug: Target(preview) ends with cost 452.50819969177246ms.
debug: Dispatch build request for time accumulated 1 asset changes.
debug: Build iteration starts.
Number of accumulated asset changes: 1
Feature changed: false
debug: Target(editor) build started.
debug: Detected change: cce:/internal/x/prerequisite-imports. Last mtime: Thu Jan 01 1970 05:50:09 GMT+0530 (India Standard Time), Current mtime: Thu Jan 01 1970 06:06:50 GMT+0530 (India Standard Time)
debug: Inspect cce:/internal/x/prerequisite-imports
debug: Resolve file:///D:/GAMIXLABS/Solitaire/assets/Script/Card.ts from cce:/internal/x/prerequisite-imports as file:///D:/GAMIXLABS/Solitaire/assets/Script/Card.ts.
debug: Detected change: file:///D:/GAMIXLABS/Solitaire/assets/Script/Card.ts. Last mtime: Tue Nov 15 2022 17:20:04 GMT+0530 (India Standard Time)@8c8740d7-e4dc-4210-a883-fafa9c48f2c5, Current mtime: Tue Nov 15 2022 18:21:54 GMT+0530 (India Standard Time)@8c8740d7-e4dc-4210-a883-fafa9c48f2c5
debug: Inspect file:///D:/GAMIXLABS/Solitaire/assets/Script/Card.ts
debug: Resolve cce:/internal/code-quality/cr.mjs from file:///D:/GAMIXLABS/Solitaire/assets/Script/Card.ts as cce:/internal/code-quality/cr.mjs.
debug: Resolve cc from file:///D:/GAMIXLABS/Solitaire/assets/Script/Card.ts as cce:/internal/x/cc.
debug: Resolve cc from file:///D:/GAMIXLABS/Solitaire/assets/Script/Card.ts as cce:/internal/x/cc.
debug: Resolve file:///D:/GAMIXLABS/Solitaire/assets/Script/GameConstant.ts from cce:/internal/x/prerequisite-imports as file:///D:/GAMIXLABS/Solitaire/assets/Script/GameConstant.ts.
debug: Resolve file:///D:/GAMIXLABS/Solitaire/assets/Script/GameLogic.ts from cce:/internal/x/prerequisite-imports as file:///D:/GAMIXLABS/Solitaire/assets/Script/GameLogic.ts.
debug: Resolve file:///D:/GAMIXLABS/Solitaire/assets/Script/GameManager.ts from cce:/internal/x/prerequisite-imports as file:///D:/GAMIXLABS/Solitaire/assets/Script/GameManager.ts.
debug: Resolve file:///D:/GAMIXLABS/Solitaire/assets/Script/GameScreen.ts from cce:/internal/x/prerequisite-imports as file:///D:/GAMIXLABS/Solitaire/assets/Script/GameScreen.ts.
debug: Resolve file:///D:/GAMIXLABS/Solitaire/assets/Script/Pile.ts from cce:/internal/x/prerequisite-imports as file:///D:/GAMIXLABS/Solitaire/assets/Script/Pile.ts.
debug: Resolve file:///D:/GAMIXLABS/Solitaire/assets/Script/PileMaxFanOperation.ts from cce:/internal/x/prerequisite-imports as file:///D:/GAMIXLABS/Solitaire/assets/Script/PileMaxFanOperation.ts.
debug: Resolve file:///D:/GAMIXLABS/Solitaire/assets/Script/ReaveldCard.ts from cce:/internal/x/prerequisite-imports as file:///D:/GAMIXLABS/Solitaire/assets/Script/ReaveldCard.ts.
debug: Target(editor) ends with cost 127.00840044021606ms.
debug: Target(preview) build started.
debug: Detected change: cce:/internal/x/prerequisite-imports. Last mtime: Thu Jan 01 1970 05:50:09 GMT+0530 (India Standard Time), Current mtime: Thu Jan 01 1970 06:06:50 GMT+0530 (India Standard Time)
debug: Inspect cce:/internal/x/prerequisite-imports
debug: Resolve file:///D:/GAMIXLABS/Solitaire/assets/Script/Card.ts from cce:/internal/x/prerequisite-imports as file:///D:/GAMIXLABS/Solitaire/assets/Script/Card.ts.
debug: Detected change: file:///D:/GAMIXLABS/Solitaire/assets/Script/Card.ts. Last mtime: Tue Nov 15 2022 17:20:04 GMT+0530 (India Standard Time)@8c8740d7-e4dc-4210-a883-fafa9c48f2c5, Current mtime: Tue Nov 15 2022 18:21:54 GMT+0530 (India Standard Time)@8c8740d7-e4dc-4210-a883-fafa9c48f2c5
debug: Inspect file:///D:/GAMIXLABS/Solitaire/assets/Script/Card.ts
debug: Resolve cce:/internal/code-quality/cr.mjs from file:///D:/GAMIXLABS/Solitaire/assets/Script/Card.ts as cce:/internal/code-quality/cr.mjs.
debug: Resolve cc from file:///D:/GAMIXLABS/Solitaire/assets/Script/Card.ts as cce:/internal/x/cc.
debug: Resolve cc from file:///D:/GAMIXLABS/Solitaire/assets/Script/Card.ts as cce:/internal/x/cc.
debug: Resolve file:///D:/GAMIXLABS/Solitaire/assets/Script/GameConstant.ts from cce:/internal/x/prerequisite-imports as file:///D:/GAMIXLABS/Solitaire/assets/Script/GameConstant.ts.
debug: Resolve file:///D:/GAMIXLABS/Solitaire/assets/Script/GameLogic.ts from cce:/internal/x/prerequisite-imports as file:///D:/GAMIXLABS/Solitaire/assets/Script/GameLogic.ts.
debug: Resolve file:///D:/GAMIXLABS/Solitaire/assets/Script/GameManager.ts from cce:/internal/x/prerequisite-imports as file:///D:/GAMIXLABS/Solitaire/assets/Script/GameManager.ts.
debug: Resolve file:///D:/GAMIXLABS/Solitaire/assets/Script/GameScreen.ts from cce:/internal/x/prerequisite-imports as file:///D:/GAMIXLABS/Solitaire/assets/Script/GameScreen.ts.
debug: Resolve file:///D:/GAMIXLABS/Solitaire/assets/Script/Pile.ts from cce:/internal/x/prerequisite-imports as file:///D:/GAMIXLABS/Solitaire/assets/Script/Pile.ts.
debug: Resolve file:///D:/GAMIXLABS/Solitaire/assets/Script/PileMaxFanOperation.ts from cce:/internal/x/prerequisite-imports as file:///D:/GAMIXLABS/Solitaire/assets/Script/PileMaxFanOperation.ts.
debug: Resolve file:///D:/GAMIXLABS/Solitaire/assets/Script/ReaveldCard.ts from cce:/internal/x/prerequisite-imports as file:///D:/GAMIXLABS/Solitaire/assets/Script/ReaveldCard.ts.
debug: Target(preview) ends with cost 194.57070016860962ms.
debug: Dispatch build request for time accumulated 2 asset changes.
debug: Build iteration starts.
Number of accumulated asset changes: 2
Feature changed: false
debug: Target(editor) build started.
debug: Detected change: cce:/internal/x/prerequisite-imports. Last mtime: Thu Jan 01 1970 06:06:50 GMT+0530 (India Standard Time), Current mtime: Thu Jan 01 1970 06:12:19 GMT+0530 (India Standard Time)
debug: Inspect cce:/internal/x/prerequisite-imports
debug: Resolve file:///D:/GAMIXLABS/Solitaire/assets/Script/Card.ts from cce:/internal/x/prerequisite-imports as file:///D:/GAMIXLABS/Solitaire/assets/Script/Card.ts.
debug: Resolve file:///D:/GAMIXLABS/Solitaire/assets/Script/GameConstant.ts from cce:/internal/x/prerequisite-imports as file:///D:/GAMIXLABS/Solitaire/assets/Script/GameConstant.ts.
debug: Resolve file:///D:/GAMIXLABS/Solitaire/assets/Script/GameLogic.ts from cce:/internal/x/prerequisite-imports as file:///D:/GAMIXLABS/Solitaire/assets/Script/GameLogic.ts.
debug: Resolve file:///D:/GAMIXLABS/Solitaire/assets/Script/GameManager.ts from cce:/internal/x/prerequisite-imports as file:///D:/GAMIXLABS/Solitaire/assets/Script/GameManager.ts.
debug: Resolve file:///D:/GAMIXLABS/Solitaire/assets/Script/GameScreen.ts from cce:/internal/x/prerequisite-imports as file:///D:/GAMIXLABS/Solitaire/assets/Script/GameScreen.ts.
debug: Detected change: file:///D:/GAMIXLABS/Solitaire/assets/Script/ReaveldCard.ts. Last mtime: Tue Nov 15 2022 17:32:49 GMT+0530 (India Standard Time)@615f5629-06de-402a-846f-41b3c139b345, Current mtime: Tue Nov 15 2022 18:27:39 GMT+0530 (India Standard Time)@615f5629-06de-402a-846f-41b3c139b345
debug: Inspect file:///D:/GAMIXLABS/Solitaire/assets/Script/ReaveldCard.ts
debug: Resolve cce:/internal/code-quality/cr.mjs from file:///D:/GAMIXLABS/Solitaire/assets/Script/ReaveldCard.ts as cce:/internal/code-quality/cr.mjs.
debug: Resolve cc from file:///D:/GAMIXLABS/Solitaire/assets/Script/ReaveldCard.ts as cce:/internal/x/cc.
debug: Resolve cc from file:///D:/GAMIXLABS/Solitaire/assets/Script/ReaveldCard.ts as cce:/internal/x/cc.
debug: Resolve ./GameConstant from file:///D:/GAMIXLABS/Solitaire/assets/Script/ReaveldCard.ts as file:///D:/GAMIXLABS/Solitaire/assets/Script/GameConstant.ts.
debug: Resolve file:///D:/GAMIXLABS/Solitaire/assets/Script/Pile.ts from cce:/internal/x/prerequisite-imports as file:///D:/GAMIXLABS/Solitaire/assets/Script/Pile.ts.
debug: Detected change: file:///D:/GAMIXLABS/Solitaire/assets/Script/Pile.ts. Last mtime: Tue Nov 15 2022 17:20:49 GMT+0530 (India Standard Time)@483462c0-1acc-4435-a21d-588677ce50ac, Current mtime: Tue Nov 15 2022 18:28:11 GMT+0530 (India Standard Time)@483462c0-1acc-4435-a21d-588677ce50ac
debug: Inspect file:///D:/GAMIXLABS/Solitaire/assets/Script/Pile.ts
debug: Resolve cce:/internal/code-quality/cr.mjs from file:///D:/GAMIXLABS/Solitaire/assets/Script/Pile.ts as cce:/internal/code-quality/cr.mjs.
debug: Resolve cc from file:///D:/GAMIXLABS/Solitaire/assets/Script/Pile.ts as cce:/internal/x/cc.
debug: Resolve cc from file:///D:/GAMIXLABS/Solitaire/assets/Script/Pile.ts as cce:/internal/x/cc.
debug: Resolve ./GameManager from file:///D:/GAMIXLABS/Solitaire/assets/Script/Pile.ts as file:///D:/GAMIXLABS/Solitaire/assets/Script/GameManager.ts.
debug: Resolve ./PileMaxFanOperation from file:///D:/GAMIXLABS/Solitaire/assets/Script/Pile.ts as file:///D:/GAMIXLABS/Solitaire/assets/Script/PileMaxFanOperation.ts.
debug: Resolve file:///D:/GAMIXLABS/Solitaire/assets/Script/PileMaxFanOperation.ts from cce:/internal/x/prerequisite-imports as file:///D:/GAMIXLABS/Solitaire/assets/Script/PileMaxFanOperation.ts.
debug: Resolve file:///D:/GAMIXLABS/Solitaire/assets/Script/ReaveldCard.ts from cce:/internal/x/prerequisite-imports as file:///D:/GAMIXLABS/Solitaire/assets/Script/ReaveldCard.ts.
debug: Target(editor) ends with cost 425.95910024642944ms.
debug: Target(preview) build started.
debug: Detected change: cce:/internal/x/prerequisite-imports. Last mtime: Thu Jan 01 1970 06:06:50 GMT+0530 (India Standard Time), Current mtime: Thu Jan 01 1970 06:12:20 GMT+0530 (India Standard Time)
debug: Inspect cce:/internal/x/prerequisite-imports
debug: Resolve file:///D:/GAMIXLABS/Solitaire/assets/Script/Card.ts from cce:/internal/x/prerequisite-imports as file:///D:/GAMIXLABS/Solitaire/assets/Script/Card.ts.
debug: Resolve file:///D:/GAMIXLABS/Solitaire/assets/Script/GameConstant.ts from cce:/internal/x/prerequisite-imports as file:///D:/GAMIXLABS/Solitaire/assets/Script/GameConstant.ts.
debug: Resolve file:///D:/GAMIXLABS/Solitaire/assets/Script/GameLogic.ts from cce:/internal/x/prerequisite-imports as file:///D:/GAMIXLABS/Solitaire/assets/Script/GameLogic.ts.
debug: Resolve file:///D:/GAMIXLABS/Solitaire/assets/Script/GameManager.ts from cce:/internal/x/prerequisite-imports as file:///D:/GAMIXLABS/Solitaire/assets/Script/GameManager.ts.
debug: Resolve file:///D:/GAMIXLABS/Solitaire/assets/Script/GameScreen.ts from cce:/internal/x/prerequisite-imports as file:///D:/GAMIXLABS/Solitaire/assets/Script/GameScreen.ts.
debug: Detected change: file:///D:/GAMIXLABS/Solitaire/assets/Script/ReaveldCard.ts. Last mtime: Tue Nov 15 2022 17:32:49 GMT+0530 (India Standard Time)@615f5629-06de-402a-846f-41b3c139b345, Current mtime: Tue Nov 15 2022 18:27:39 GMT+0530 (India Standard Time)@615f5629-06de-402a-846f-41b3c139b345
debug: Inspect file:///D:/GAMIXLABS/Solitaire/assets/Script/ReaveldCard.ts
debug: Resolve cce:/internal/code-quality/cr.mjs from file:///D:/GAMIXLABS/Solitaire/assets/Script/ReaveldCard.ts as cce:/internal/code-quality/cr.mjs.
debug: Resolve cc from file:///D:/GAMIXLABS/Solitaire/assets/Script/ReaveldCard.ts as cce:/internal/x/cc.
debug: Resolve cc from file:///D:/GAMIXLABS/Solitaire/assets/Script/ReaveldCard.ts as cce:/internal/x/cc.
debug: Resolve ./GameConstant from file:///D:/GAMIXLABS/Solitaire/assets/Script/ReaveldCard.ts as file:///D:/GAMIXLABS/Solitaire/assets/Script/GameConstant.ts.
debug: Resolve file:///D:/GAMIXLABS/Solitaire/assets/Script/Pile.ts from cce:/internal/x/prerequisite-imports as file:///D:/GAMIXLABS/Solitaire/assets/Script/Pile.ts.
debug: Detected change: file:///D:/GAMIXLABS/Solitaire/assets/Script/Pile.ts. Last mtime: Tue Nov 15 2022 17:20:49 GMT+0530 (India Standard Time)@483462c0-1acc-4435-a21d-588677ce50ac, Current mtime: Tue Nov 15 2022 18:28:11 GMT+0530 (India Standard Time)@483462c0-1acc-4435-a21d-588677ce50ac
debug: Inspect file:///D:/GAMIXLABS/Solitaire/assets/Script/Pile.ts
debug: Resolve cce:/internal/code-quality/cr.mjs from file:///D:/GAMIXLABS/Solitaire/assets/Script/Pile.ts as cce:/internal/code-quality/cr.mjs.
debug: Resolve cc from file:///D:/GAMIXLABS/Solitaire/assets/Script/Pile.ts as cce:/internal/x/cc.
debug: Resolve cc from file:///D:/GAMIXLABS/Solitaire/assets/Script/Pile.ts as cce:/internal/x/cc.
debug: Resolve ./GameManager from file:///D:/GAMIXLABS/Solitaire/assets/Script/Pile.ts as file:///D:/GAMIXLABS/Solitaire/assets/Script/GameManager.ts.
debug: Resolve ./PileMaxFanOperation from file:///D:/GAMIXLABS/Solitaire/assets/Script/Pile.ts as file:///D:/GAMIXLABS/Solitaire/assets/Script/PileMaxFanOperation.ts.
debug: Resolve file:///D:/GAMIXLABS/Solitaire/assets/Script/PileMaxFanOperation.ts from cce:/internal/x/prerequisite-imports as file:///D:/GAMIXLABS/Solitaire/assets/Script/PileMaxFanOperation.ts.
debug: Resolve file:///D:/GAMIXLABS/Solitaire/assets/Script/ReaveldCard.ts from cce:/internal/x/prerequisite-imports as file:///D:/GAMIXLABS/Solitaire/assets/Script/ReaveldCard.ts.
debug: Target(preview) ends with cost 612.0758996009827ms.
debug: Dispatch build request for time accumulated 1 asset changes.
debug: Build iteration starts.
Number of accumulated asset changes: 1
Feature changed: false
debug: Target(editor) build started.
debug: Detected change: cce:/internal/x/prerequisite-imports. Last mtime: Thu Jan 01 1970 06:12:19 GMT+0530 (India Standard Time), Current mtime: Thu Jan 01 1970 06:31:09 GMT+0530 (India Standard Time)
debug: Inspect cce:/internal/x/prerequisite-imports
debug: Resolve file:///D:/GAMIXLABS/Solitaire/assets/Script/Card.ts from cce:/internal/x/prerequisite-imports as file:///D:/GAMIXLABS/Solitaire/assets/Script/Card.ts.
debug: Resolve file:///D:/GAMIXLABS/Solitaire/assets/Script/GameConstant.ts from cce:/internal/x/prerequisite-imports as file:///D:/GAMIXLABS/Solitaire/assets/Script/GameConstant.ts.
debug: Resolve file:///D:/GAMIXLABS/Solitaire/assets/Script/GameLogic.ts from cce:/internal/x/prerequisite-imports as file:///D:/GAMIXLABS/Solitaire/assets/Script/GameLogic.ts.
debug: Resolve file:///D:/GAMIXLABS/Solitaire/assets/Script/GameManager.ts from cce:/internal/x/prerequisite-imports as file:///D:/GAMIXLABS/Solitaire/assets/Script/GameManager.ts.
debug: Resolve file:///D:/GAMIXLABS/Solitaire/assets/Script/GameScreen.ts from cce:/internal/x/prerequisite-imports as file:///D:/GAMIXLABS/Solitaire/assets/Script/GameScreen.ts.
debug: Resolve file:///D:/GAMIXLABS/Solitaire/assets/Script/Pile.ts from cce:/internal/x/prerequisite-imports as file:///D:/GAMIXLABS/Solitaire/assets/Script/Pile.ts.
debug: Detected change: file:///D:/GAMIXLABS/Solitaire/assets/Script/Pile.ts. Last mtime: Tue Nov 15 2022 18:28:11 GMT+0530 (India Standard Time)@483462c0-1acc-4435-a21d-588677ce50ac, Current mtime: Tue Nov 15 2022 18:47:38 GMT+0530 (India Standard Time)@483462c0-1acc-4435-a21d-588677ce50ac
debug: Inspect file:///D:/GAMIXLABS/Solitaire/assets/Script/Pile.ts
debug: Resolve cce:/internal/code-quality/cr.mjs from file:///D:/GAMIXLABS/Solitaire/assets/Script/Pile.ts as cce:/internal/code-quality/cr.mjs.
debug: Resolve cc from file:///D:/GAMIXLABS/Solitaire/assets/Script/Pile.ts as cce:/internal/x/cc.
debug: Resolve cc from file:///D:/GAMIXLABS/Solitaire/assets/Script/Pile.ts as cce:/internal/x/cc.
debug: Resolve ./GameManager from file:///D:/GAMIXLABS/Solitaire/assets/Script/Pile.ts as file:///D:/GAMIXLABS/Solitaire/assets/Script/GameManager.ts.
debug: Resolve ./PileMaxFanOperation from file:///D:/GAMIXLABS/Solitaire/assets/Script/Pile.ts as file:///D:/GAMIXLABS/Solitaire/assets/Script/PileMaxFanOperation.ts.
debug: Resolve file:///D:/GAMIXLABS/Solitaire/assets/Script/PileMaxFanOperation.ts from cce:/internal/x/prerequisite-imports as file:///D:/GAMIXLABS/Solitaire/assets/Script/PileMaxFanOperation.ts.
debug: Resolve file:///D:/GAMIXLABS/Solitaire/assets/Script/ReaveldCard.ts from cce:/internal/x/prerequisite-imports as file:///D:/GAMIXLABS/Solitaire/assets/Script/ReaveldCard.ts.
debug: Target(editor) ends with cost 289.4309000968933ms.
debug: Target(preview) build started.
debug: Detected change: cce:/internal/x/prerequisite-imports. Last mtime: Thu Jan 01 1970 06:12:20 GMT+0530 (India Standard Time), Current mtime: Thu Jan 01 1970 06:31:10 GMT+0530 (India Standard Time)
debug: Inspect cce:/internal/x/prerequisite-imports
debug: Resolve file:///D:/GAMIXLABS/Solitaire/assets/Script/Card.ts from cce:/internal/x/prerequisite-imports as file:///D:/GAMIXLABS/Solitaire/assets/Script/Card.ts.
debug: Resolve file:///D:/GAMIXLABS/Solitaire/assets/Script/GameConstant.ts from cce:/internal/x/prerequisite-imports as file:///D:/GAMIXLABS/Solitaire/assets/Script/GameConstant.ts.
debug: Resolve file:///D:/GAMIXLABS/Solitaire/assets/Script/GameLogic.ts from cce:/internal/x/prerequisite-imports as file:///D:/GAMIXLABS/Solitaire/assets/Script/GameLogic.ts.
debug: Resolve file:///D:/GAMIXLABS/Solitaire/assets/Script/GameManager.ts from cce:/internal/x/prerequisite-imports as file:///D:/GAMIXLABS/Solitaire/assets/Script/GameManager.ts.
debug: Resolve file:///D:/GAMIXLABS/Solitaire/assets/Script/GameScreen.ts from cce:/internal/x/prerequisite-imports as file:///D:/GAMIXLABS/Solitaire/assets/Script/GameScreen.ts.
debug: Resolve file:///D:/GAMIXLABS/Solitaire/assets/Script/Pile.ts from cce:/internal/x/prerequisite-imports as file:///D:/GAMIXLABS/Solitaire/assets/Script/Pile.ts.
debug: Detected change: file:///D:/GAMIXLABS/Solitaire/assets/Script/Pile.ts. Last mtime: Tue Nov 15 2022 18:28:11 GMT+0530 (India Standard Time)@483462c0-1acc-4435-a21d-588677ce50ac, Current mtime: Tue Nov 15 2022 18:47:38 GMT+0530 (India Standard Time)@483462c0-1acc-4435-a21d-588677ce50ac
debug: Inspect file:///D:/GAMIXLABS/Solitaire/assets/Script/Pile.ts
debug: Resolve cce:/internal/code-quality/cr.mjs from file:///D:/GAMIXLABS/Solitaire/assets/Script/Pile.ts as cce:/internal/code-quality/cr.mjs.
debug: Resolve cc from file:///D:/GAMIXLABS/Solitaire/assets/Script/Pile.ts as cce:/internal/x/cc.
debug: Resolve cc from file:///D:/GAMIXLABS/Solitaire/assets/Script/Pile.ts as cce:/internal/x/cc.
debug: Resolve ./GameManager from file:///D:/GAMIXLABS/Solitaire/assets/Script/Pile.ts as file:///D:/GAMIXLABS/Solitaire/assets/Script/GameManager.ts.
debug: Resolve ./PileMaxFanOperation from file:///D:/GAMIXLABS/Solitaire/assets/Script/Pile.ts as file:///D:/GAMIXLABS/Solitaire/assets/Script/PileMaxFanOperation.ts.
debug: Resolve file:///D:/GAMIXLABS/Solitaire/assets/Script/PileMaxFanOperation.ts from cce:/internal/x/prerequisite-imports as file:///D:/GAMIXLABS/Solitaire/assets/Script/PileMaxFanOperation.ts.
debug: Resolve file:///D:/GAMIXLABS/Solitaire/assets/Script/ReaveldCard.ts from cce:/internal/x/prerequisite-imports as file:///D:/GAMIXLABS/Solitaire/assets/Script/ReaveldCard.ts.
debug: Target(preview) ends with cost 190.06979990005493ms.
debug: Dispatch build request for time accumulated 1 asset changes.
debug: Build iteration starts.
Number of accumulated asset changes: 1
Feature changed: false
debug: Target(editor) build started.
debug: Detected change: cce:/internal/x/prerequisite-imports. Last mtime: Thu Jan 01 1970 06:31:09 GMT+0530 (India Standard Time), Current mtime: Thu Jan 01 1970 06:37:13 GMT+0530 (India Standard Time)
debug: Inspect cce:/internal/x/prerequisite-imports
debug: Resolve file:///D:/GAMIXLABS/Solitaire/assets/Script/Card.ts from cce:/internal/x/prerequisite-imports as file:///D:/GAMIXLABS/Solitaire/assets/Script/Card.ts.
debug: Resolve file:///D:/GAMIXLABS/Solitaire/assets/Script/GameConstant.ts from cce:/internal/x/prerequisite-imports as file:///D:/GAMIXLABS/Solitaire/assets/Script/GameConstant.ts.
debug: Resolve file:///D:/GAMIXLABS/Solitaire/assets/Script/GameLogic.ts from cce:/internal/x/prerequisite-imports as file:///D:/GAMIXLABS/Solitaire/assets/Script/GameLogic.ts.
debug: Resolve file:///D:/GAMIXLABS/Solitaire/assets/Script/GameManager.ts from cce:/internal/x/prerequisite-imports as file:///D:/GAMIXLABS/Solitaire/assets/Script/GameManager.ts.
debug: Resolve file:///D:/GAMIXLABS/Solitaire/assets/Script/GameScreen.ts from cce:/internal/x/prerequisite-imports as file:///D:/GAMIXLABS/Solitaire/assets/Script/GameScreen.ts.
debug: Resolve file:///D:/GAMIXLABS/Solitaire/assets/Script/Pile.ts from cce:/internal/x/prerequisite-imports as file:///D:/GAMIXLABS/Solitaire/assets/Script/Pile.ts.
debug: Detected change: file:///D:/GAMIXLABS/Solitaire/assets/Script/Pile.ts. Last mtime: Tue Nov 15 2022 18:47:38 GMT+0530 (India Standard Time)@483462c0-1acc-4435-a21d-588677ce50ac, Current mtime: Tue Nov 15 2022 18:53:08 GMT+0530 (India Standard Time)@483462c0-1acc-4435-a21d-588677ce50ac
debug: Inspect file:///D:/GAMIXLABS/Solitaire/assets/Script/Pile.ts
debug: Resolve cce:/internal/code-quality/cr.mjs from file:///D:/GAMIXLABS/Solitaire/assets/Script/Pile.ts as cce:/internal/code-quality/cr.mjs.
debug: Resolve cc from file:///D:/GAMIXLABS/Solitaire/assets/Script/Pile.ts as cce:/internal/x/cc.
debug: Resolve cc from file:///D:/GAMIXLABS/Solitaire/assets/Script/Pile.ts as cce:/internal/x/cc.
debug: Resolve ./GameManager from file:///D:/GAMIXLABS/Solitaire/assets/Script/Pile.ts as file:///D:/GAMIXLABS/Solitaire/assets/Script/GameManager.ts.
debug: Resolve ./PileMaxFanOperation from file:///D:/GAMIXLABS/Solitaire/assets/Script/Pile.ts as file:///D:/GAMIXLABS/Solitaire/assets/Script/PileMaxFanOperation.ts.
debug: Resolve file:///D:/GAMIXLABS/Solitaire/assets/Script/PileMaxFanOperation.ts from cce:/internal/x/prerequisite-imports as file:///D:/GAMIXLABS/Solitaire/assets/Script/PileMaxFanOperation.ts.
debug: Resolve file:///D:/GAMIXLABS/Solitaire/assets/Script/ReaveldCard.ts from cce:/internal/x/prerequisite-imports as file:///D:/GAMIXLABS/Solitaire/assets/Script/ReaveldCard.ts.
debug: Target(editor) ends with cost 117.85210037231445ms.
debug: Target(preview) build started.
debug: Detected change: cce:/internal/x/prerequisite-imports. Last mtime: Thu Jan 01 1970 06:31:10 GMT+0530 (India Standard Time), Current mtime: Thu Jan 01 1970 06:37:13 GMT+0530 (India Standard Time)
debug: Inspect cce:/internal/x/prerequisite-imports
debug: Resolve file:///D:/GAMIXLABS/Solitaire/assets/Script/Card.ts from cce:/internal/x/prerequisite-imports as file:///D:/GAMIXLABS/Solitaire/assets/Script/Card.ts.
debug: Resolve file:///D:/GAMIXLABS/Solitaire/assets/Script/GameConstant.ts from cce:/internal/x/prerequisite-imports as file:///D:/GAMIXLABS/Solitaire/assets/Script/GameConstant.ts.
debug: Resolve file:///D:/GAMIXLABS/Solitaire/assets/Script/GameLogic.ts from cce:/internal/x/prerequisite-imports as file:///D:/GAMIXLABS/Solitaire/assets/Script/GameLogic.ts.
debug: Resolve file:///D:/GAMIXLABS/Solitaire/assets/Script/GameManager.ts from cce:/internal/x/prerequisite-imports as file:///D:/GAMIXLABS/Solitaire/assets/Script/GameManager.ts.
debug: Resolve file:///D:/GAMIXLABS/Solitaire/assets/Script/GameScreen.ts from cce:/internal/x/prerequisite-imports as file:///D:/GAMIXLABS/Solitaire/assets/Script/GameScreen.ts.
debug: Resolve file:///D:/GAMIXLABS/Solitaire/assets/Script/Pile.ts from cce:/internal/x/prerequisite-imports as file:///D:/GAMIXLABS/Solitaire/assets/Script/Pile.ts.
debug: Detected change: file:///D:/GAMIXLABS/Solitaire/assets/Script/Pile.ts. Last mtime: Tue Nov 15 2022 18:47:38 GMT+0530 (India Standard Time)@483462c0-1acc-4435-a21d-588677ce50ac, Current mtime: Tue Nov 15 2022 18:53:08 GMT+0530 (India Standard Time)@483462c0-1acc-4435-a21d-588677ce50ac
debug: Inspect file:///D:/GAMIXLABS/Solitaire/assets/Script/Pile.ts
debug: Resolve cce:/internal/code-quality/cr.mjs from file:///D:/GAMIXLABS/Solitaire/assets/Script/Pile.ts as cce:/internal/code-quality/cr.mjs.
debug: Resolve cc from file:///D:/GAMIXLABS/Solitaire/assets/Script/Pile.ts as cce:/internal/x/cc.
debug: Resolve cc from file:///D:/GAMIXLABS/Solitaire/assets/Script/Pile.ts as cce:/internal/x/cc.
debug: Resolve ./GameManager from file:///D:/GAMIXLABS/Solitaire/assets/Script/Pile.ts as file:///D:/GAMIXLABS/Solitaire/assets/Script/GameManager.ts.
debug: Resolve ./PileMaxFanOperation from file:///D:/GAMIXLABS/Solitaire/assets/Script/Pile.ts as file:///D:/GAMIXLABS/Solitaire/assets/Script/PileMaxFanOperation.ts.
debug: Resolve file:///D:/GAMIXLABS/Solitaire/assets/Script/PileMaxFanOperation.ts from cce:/internal/x/prerequisite-imports as file:///D:/GAMIXLABS/Solitaire/assets/Script/PileMaxFanOperation.ts.
debug: Resolve file:///D:/GAMIXLABS/Solitaire/assets/Script/ReaveldCard.ts from cce:/internal/x/prerequisite-imports as file:///D:/GAMIXLABS/Solitaire/assets/Script/ReaveldCard.ts.
debug: Target(preview) ends with cost 138.51719999313354ms.
